  FinalVersion.cpp
C:\WorkPlace\HardConstraint\HardConstraint\FinalVersion.cpp(41,13): warning C4244: 'return': conversion from 'double' to 'float', possible loss of data
C:\WorkPlace\HardConstraint\HardConstraint\FinalVersion.cpp(94,14): warning C4244: '=': conversion from 'int' to 'float', possible loss of data
C:\WorkPlace\HardConstraint\HardConstraint\FinalVersion.cpp(104,14): warning C4244: '=': conversion from 'int' to 'float', possible loss of data
C:\WorkPlace\HardConstraint\HardConstraint\FinalVersion.cpp(125,17): warning C4838: conversion from 'int' to 'float' requires a narrowing conversion
C:\WorkPlace\HardConstraint\HardConstraint\FinalVersion.cpp(125,17): warning C4244: 'initializing': conversion from 'int' to 'float', possible loss of data
C:\WorkPlace\HardConstraint\HardConstraint\FinalVersion.cpp(125,20): warning C4838: conversion from 'int' to 'float' requires a narrowing conversion
C:\WorkPlace\HardConstraint\HardConstraint\FinalVersion.cpp(125,20): warning C4244: 'initializing': conversion from 'int' to 'float', possible loss of data
C:\WorkPlace\HardConstraint\HardConstraint\FinalVersion.cpp(129,29): warning C4838: conversion from 'float' to 'int' requires a narrowing conversion
C:\WorkPlace\HardConstraint\HardConstraint\FinalVersion.cpp(129,29): warning C4244: 'initializing': conversion from 'float' to 'int', possible loss of data
C:\WorkPlace\HardConstraint\HardConstraint\FinalVersion.cpp(129,40): warning C4838: conversion from 'float' to 'int' requires a narrowing conversion
C:\WorkPlace\HardConstraint\HardConstraint\FinalVersion.cpp(129,40): warning C4244: 'initializing': conversion from 'float' to 'int', possible loss of data
C:\WorkPlace\HardConstraint\HardConstraint\FinalVersion.cpp(143,65): warning C4244: 'argument': conversion from 'float' to 'int', possible loss of data
C:\WorkPlace\HardConstraint\HardConstraint\FinalVersion.cpp(143,56): warning C4244: 'argument': conversion from 'float' to 'int', possible loss of data
C:\WorkPlace\HardConstraint\HardConstraint\FinalVersion.cpp(143,47): warning C4244: 'argument': conversion from 'float' to 'int', possible loss of data
C:\WorkPlace\HardConstraint\HardConstraint\FinalVersion.cpp(143,38): warning C4244: 'argument': conversion from 'float' to 'int', possible loss of data
C:\WorkPlace\HardConstraint\HardConstraint\FinalVersion.cpp(193,19): warning C4838: conversion from 'int' to 'float' requires a narrowing conversion
C:\WorkPlace\HardConstraint\HardConstraint\FinalVersion.cpp(193,19): warning C4244: 'initializing': conversion from 'int' to 'float', possible loss of data
C:\WorkPlace\HardConstraint\HardConstraint\FinalVersion.cpp(193,22): warning C4838: conversion from 'int' to 'float' requires a narrowing conversion
C:\WorkPlace\HardConstraint\HardConstraint\FinalVersion.cpp(193,22): warning C4244: 'initializing': conversion from 'int' to 'float', possible loss of data
  Generating code
  7 of 7 functions (100.0%) were compiled.
    0 functions were new in current compilation
    0 functions had inline decision re-evaluated but remain unchanged
  Finished generating code
  HardConstraint.vcxproj -> C:\WorkPlace\HardConstraint\Release\HardConstraint.exe
